========================================
		SYSTEM MONITOR
========================================
CPU usage: 		0.2%
Available RAM: 		14.74GB
Disk Usage:          0.2%
========================================
========================================
		SYSTEM MONITOR
========================================
CPU usage: 		0.2%
Available RAM: 		14.74GB
Disk Usage:          0.2%
========================================
========================================
		SYSTEM MONITOR
========================================
CPU usage: 		0.2%
Available RAM: 		14.74GB
Disk Usage:          0.2%
========================================
========================================
		SYSTEM MONITOR
========================================
CPU usage: 		0.2%
Available RAM: 		14.74GB
Disk Usage:          0.2%
========================================
========================================
		SYSTEM MONITOR
========================================
CPU usage: 		0.2%
Available RAM: 		14.74GB
Disk Usage:          0.2%
========================================
========================================
		SYSTEM MONITOR
========================================
CPU usage: 		0.0%
Available RAM: 		14.74GB
Disk Usage:          0.2%
========================================
========================================
		SYSTEM MONITOR
========================================
CPU usage: 		0.1%
Available RAM: 		14.74GB
Disk Usage:          0.2%
========================================
========================================
		SYSTEM MONITOR
========================================
CPU usage: 		0.0%
Available RAM: 		14.74GB
Disk Usage:          0.2%
========================================
========================================
		SYSTEM MONITOR
========================================
CPU usage: 		0.3%
Available RAM: 		14.74GB
Disk Usage:          0.2%
========================================
========================================
		SYSTEM MONITOR
========================================
CPU usage: 		0.0%
Available RAM: 		14.74GB
Disk Usage:          0.2%
========================================
========================================
		SYSTEM MONITOR
========================================
CPU usage: 		0.1%
Available RAM: 		14.74GB
Disk Usage:          0.2%
========================================
========================================
		SYSTEM MONITOR
========================================
CPU usage: 		0.0%
Available RAM: 		14.74GB
Disk Usage:          0.2%
========================================
